<?xml version="1.0" encoding="UTF-8"?>
<testsuite xmlns:xsi="http://www.w3.org/2001/XMLSchema-instance" xsi:noNamespaceSchemaLocation="https://maven.apache.org/surefire/maven-surefire-plugin/xsd/surefire-test-report-3.0.xsd" version="3.0" name="com.rafael.AppTest" time="0.06" tests="1" errors="1" skipped="0" failures="0">
  <properties>
[...]
</properties>
  <testcase name="testEncoding" classname="com.rafael.AppTest" time="0.043">
    <error type="java.lang.NullPointerException"><![CDATA[java.lang.NullPointerException
	at com.rafael.AppTest.testEncoding(AppTest.java:21)
]]></error>
  </testcase>
</testsuite>